<?xml version="1.0" encoding="UTF-8"?>
<!-- Generated by org.testng.reporters.JUnitReportReporter -->
<testsuite name="com.amazon.testcases.ProductSearchTest" tests="1" time="55.105" ignored="0" failures="0" timestamp="29 May 2019 02:50:38 GMT" skipped="0" hostname="NBWS-HP" errors="0">
  <testcase name="productSearch" time="55.105" classname="com.amazon.testcases.ProductSearchTest"/>
</testsuite> <!-- com.amazon.testcases.ProductSearchTest -->
